19:36:51 [main] INFO  com.misha.mrz1.network.LinearRecirculationNetwork - iteration- 1 error- 27686.807390361788
19:36:52 [main] INFO  com.misha.mrz1.network.LinearRecirculationNetwork - iteration- 2 error- 11533.587478361527
19:36:52 [main] INFO  com.misha.mrz1.network.LinearRecirculationNetwork - iteration- 3 error- 9499.218305472768
19:36:52 [main] INFO  com.misha.mrz1.network.LinearRecirculationNetwork - iteration- 4 error- 8109.479855371308
19:36:53 [main] INFO  com.misha.mrz1.network.LinearRecirculationNetwork - iteration- 5 error- 7066.370328137778
19:36:53 [main] INFO  com.misha.mrz1.network.LinearRecirculationNetwork - iteration- 6 error- 6244.822036305788
19:36:54 [main] INFO  com.misha.mrz1.network.LinearRecirculationNetwork - iteration- 7 error- 5581.916027963444
19:36:54 [main] INFO  com.misha.mrz1.network.LinearRecirculationNetwork - iteration- 8 error- 5040.296968224151
19:36:55 [main] INFO  com.misha.mrz1.network.LinearRecirculationNetwork - iteration- 9 error- 4594.2467603715195
19:36:55 [main] INFO  com.misha.mrz1.network.LinearRecirculationNetwork - iteration- 10 error- 4224.271184945409
19:36:55 [main] INFO  com.misha.mrz1.network.LinearRecirculationNetwork - iteration- 11 error- 3914.9640441075417
19:36:56 [main] INFO  com.misha.mrz1.network.LinearRecirculationNetwork - iteration- 12 error- 3654.053444028995
19:36:56 [main] INFO  com.misha.mrz1.network.LinearRecirculationNetwork - iteration- 13 error- 3431.8208656481165
19:36:57 [main] INFO  com.misha.mrz1.network.LinearRecirculationNetwork - iteration- 14 error- 3240.6295655727517
19:36:57 [main] INFO  com.misha.mrz1.network.LinearRecirculationNetwork - iteration- 15 error- 3074.5069285098384
19:36:58 [main] INFO  com.misha.mrz1.network.LinearRecirculationNetwork - iteration- 16 error- 2928.783979702686
19:36:58 [main] INFO  com.misha.mrz1.network.LinearRecirculationNetwork - iteration- 17 error- 2799.7991180958356
19:36:58 [main] INFO  com.misha.mrz1.network.LinearRecirculationNetwork - iteration- 18 error- 2684.66449483809
19:36:59 [main] INFO  com.misha.mrz1.network.LinearRecirculationNetwork - iteration- 19 error- 2581.086733183183
19:36:59 [main] INFO  com.misha.mrz1.network.LinearRecirculationNetwork - iteration- 20 error- 2487.2312346253016
19:37:00 [main] INFO  com.misha.mrz1.network.LinearRecirculationNetwork - iteration- 21 error- 2401.619810350267
19:37:00 [main] INFO  com.misha.mrz1.network.LinearRecirculationNetwork - iteration- 22 error- 2323.053159710614
19:37:01 [main] INFO  com.misha.mrz1.network.LinearRecirculationNetwork - iteration- 23 error- 2250.5517192477705
19:37:01 [main] INFO  com.misha.mrz1.network.LinearRecirculationNetwork - iteration- 24 error- 2183.310136167043
19:37:01 [main] INFO  com.misha.mrz1.network.LinearRecirculationNetwork - iteration- 25 error- 2120.66194530216
19:37:02 [main] INFO  com.misha.mrz1.network.LinearRecirculationNetwork - iteration- 26 error- 2062.051980970854
19:37:02 [main] INFO  com.misha.mrz1.network.LinearRecirculationNetwork - iteration- 27 error- 2007.0147199651356
19:37:03 [main] INFO  com.misha.mrz1.network.LinearRecirculationNetwork - iteration- 28 error- 1955.1572140715828
19:37:03 [main] INFO  com.misha.mrz1.network.LinearRecirculationNetwork - iteration- 29 error- 1906.145596245436
19:37:04 [main] INFO  com.misha.mrz1.network.LinearRecirculationNetwork - iteration- 30 error- 1859.6943798756413
19:37:04 [main] INFO  com.misha.mrz1.network.LinearRecirculationNetwork - iteration- 31 error- 1815.5579453547216
19:37:05 [main] INFO  com.misha.mrz1.network.LinearRecirculationNetwork - iteration- 32 error- 1773.5237411925643
19:37:05 [main] INFO  com.misha.mrz1.network.LinearRecirculationNetwork - iteration- 33 error- 1733.406829958073
19:37:05 [main] INFO  com.misha.mrz1.network.LinearRecirculationNetwork - iteration- 34 error- 1695.045489976933
19:37:06 [main] INFO  com.misha.mrz1.network.LinearRecirculationNetwork - iteration- 35 error- 1658.2976470873828
19:37:06 [main] INFO  com.misha.mrz1.network.LinearRecirculationNetwork - iteration- 36 error- 1623.037960549271
19:37:07 [main] INFO  com.misha.mrz1.network.LinearRecirculationNetwork - iteration- 37 error- 1589.1554262199193
19:37:07 [main] INFO  com.misha.mrz1.network.LinearRecirculationNetwork - iteration- 38 error- 1556.551390565822
19:37:08 [main] INFO  com.misha.mrz1.network.LinearRecirculationNetwork - iteration- 39 error- 1525.137892753377
19:37:08 [main] INFO  com.misha.mrz1.network.LinearRecirculationNetwork - iteration- 40 error- 1494.8362703956627
19:37:09 [main] INFO  com.misha.mrz1.network.LinearRecirculationNetwork - iteration- 41 error- 1465.5759786881185
19:37:09 [main] INFO  com.misha.mrz1.network.LinearRecirculationNetwork - iteration- 42 error- 1437.2935835746832
19:37:09 [main] INFO  com.misha.mrz1.network.LinearRecirculationNetwork - iteration- 43 error- 1409.93189798567
19:37:10 [main] INFO  com.misha.mrz1.network.LinearRecirculationNetwork - iteration- 44 error- 1383.4392366583572
19:37:10 [main] INFO  com.misha.mrz1.network.LinearRecirculationNetwork - iteration- 45 error- 1357.7687700429626
19:37:11 [main] INFO  com.misha.mrz1.network.LinearRecirculationNetwork - iteration- 46 error- 1332.8779616578554
19:37:11 [main] INFO  com.misha.mrz1.network.LinearRecirculationNetwork - iteration- 47 error- 1308.7280762566486
19:37:12 [main] INFO  com.misha.mrz1.network.LinearRecirculationNetwork - iteration- 48 error- 1285.2837485092157
19:37:12 [main] INFO  com.misha.mrz1.network.LinearRecirculationNetwork - iteration- 49 error- 1262.512603734789
19:37:12 [main] INFO  com.misha.mrz1.network.LinearRecirculationNetwork - iteration- 50 error- 1240.3849236749172
19:37:13 [main] INFO  com.misha.mrz1.network.LinearRecirculationNetwork - iteration- 51 error- 1218.8733514470687
19:37:13 [main] INFO  com.misha.mrz1.network.LinearRecirculationNetwork - iteration- 52 error- 1197.9526307427489
19:37:14 [main] INFO  com.misha.mrz1.network.LinearRecirculationNetwork - iteration- 53 error- 1177.599375080086
19:37:14 [main] INFO  com.misha.mrz1.network.LinearRecirculationNetwork - iteration- 54 error- 1157.791863526591
19:37:15 [main] INFO  com.misha.mrz1.network.LinearRecirculationNetwork - iteration- 55 error- 1138.5098598057605
19:37:15 [main] INFO  com.misha.mrz1.network.LinearRecirculationNetwork - iteration- 56 error- 1119.7344521122507
19:37:15 [main] INFO  com.misha.mrz1.network.LinearRecirculationNetwork - iteration- 57 error- 1101.4479113028437
19:37:16 [main] INFO  com.misha.mrz1.network.LinearRecirculationNetwork - iteration- 58 error- 1083.6335654186948
19:37:16 [main] INFO  com.misha.mrz1.network.LinearRecirculationNetwork - iteration- 59 error- 1066.275688737676
19:37:17 [main] INFO  com.misha.mrz1.network.LinearRecirculationNetwork - iteration- 60 error- 1049.3594037638618
19:37:17 [main] INFO  com.misha.mrz1.network.LinearRecirculationNetwork - iteration- 61 error- 1032.8705947396725
19:37:18 [main] INFO  com.misha.mrz1.network.LinearRecirculationNetwork - iteration- 62 error- 1016.7958314209828
19:37:18 [main] INFO  com.misha.mrz1.network.LinearRecirculationNetwork - iteration- 63 error- 1001.1223019903041
19:37:18 [main] INFO  com.misha.mrz1.network.LinearRecirculationNetwork - iteration- 64 error- 985.837754101309
19:37:19 [main] INFO  com.misha.mrz1.network.LinearRecirculationNetwork - iteration- 65 error- 970.9304431523062
19:37:19 [main] INFO  com.misha.mrz1.network.LinearRecirculationNetwork - iteration- 66 error- 956.3890869788452
19:37:20 [main] INFO  com.misha.mrz1.network.LinearRecirculationNetwork - iteration- 67 error- 942.2028262379342
19:37:20 [main] INFO  com.misha.mrz1.network.LinearRecirculationNetwork - iteration- 68 error- 928.3611898303138
19:37:21 [main] INFO  com.misha.mrz1.network.LinearRecirculationNetwork - iteration- 69 error- 914.85406477333
19:37:21 [main] INFO  com.misha.mrz1.network.LinearRecirculationNetwork - iteration- 70 error- 901.6716699967263
19:37:21 [main] INFO  com.misha.mrz1.network.LinearRecirculationNetwork - iteration- 71 error- 888.8045335876801
19:37:22 [main] INFO  com.misha.mrz1.network.LinearRecirculationNetwork - iteration- 72 error- 876.2434730598684
19:37:22 [main] INFO  com.misha.mrz1.network.LinearRecirculationNetwork - iteration- 73 error- 863.9795782659515
19:37:23 [main] INFO  com.misha.mrz1.network.LinearRecirculationNetwork - iteration- 74 error- 852.0041966125212
19:37:23 [main] INFO  com.misha.mrz1.network.LinearRecirculationNetwork - iteration- 75 error- 840.3089202732248
19:37:24 [main] INFO  com.misha.mrz1.network.LinearRecirculationNetwork - iteration- 76 error- 828.8855751285677
19:37:24 [main] INFO  com.misha.mrz1.network.LinearRecirculationNetwork - iteration- 77 error- 817.7262111909209
19:37:24 [main] INFO  com.misha.mrz1.network.LinearRecirculationNetwork - iteration- 78 error- 806.823094300387
19:37:25 [main] INFO  com.misha.mrz1.network.LinearRecirculationNetwork - iteration- 79 error- 796.1686989017599
19:37:25 [main] INFO  com.misha.mrz1.network.LinearRecirculationNetwork - iteration- 80 error- 785.7557017351074
19:37:26 [main] INFO  com.misha.mrz1.network.LinearRecirculationNetwork - iteration- 81 error- 775.5769762926741
19:37:26 [main] INFO  com.misha.mrz1.network.LinearRecirculationNetwork - iteration- 82 error- 765.6255879129578
19:37:27 [main] INFO  com.misha.mrz1.network.LinearRecirculationNetwork - iteration- 83 error- 755.8947893992425
19:37:27 [main] INFO  com.misha.mrz1.network.LinearRecirculationNetwork - iteration- 84 error- 746.3780170646635
19:37:27 [main] INFO  com.misha.mrz1.network.LinearRecirculationNetwork - iteration- 85 error- 737.068887119109
19:37:28 [main] INFO  com.misha.mrz1.network.LinearRecirculationNetwork - iteration- 86 error- 727.9611923251845
19:37:28 [main] INFO  com.misha.mrz1.network.LinearRecirculationNetwork - iteration- 87 error- 719.0488988611226
19:37:29 [main] INFO  com.misha.mrz1.network.LinearRecirculationNetwork - iteration- 88 error- 710.3261433379689
19:37:29 [main] INFO  com.misha.mrz1.network.LinearRecirculationNetwork - iteration- 89 error- 701.787229926811
19:37:30 [main] INFO  com.misha.mrz1.network.LinearRecirculationNetwork - iteration- 90 error- 693.4266275593039
19:37:30 [main] INFO  com.misha.mrz1.network.LinearRecirculationNetwork - iteration- 91 error- 685.2389671714103
19:37:30 [main] INFO  com.misha.mrz1.network.LinearRecirculationNetwork - iteration- 92 error- 677.2190389658998
19:37:31 [main] INFO  com.misha.mrz1.network.LinearRecirculationNetwork - iteration- 93 error- 669.3617896744477
19:37:31 [main] INFO  com.misha.mrz1.network.LinearRecirculationNetwork - iteration- 94 error- 661.6623198044003
19:37:32 [main] INFO  com.misha.mrz1.network.LinearRecirculationNetwork - iteration- 95 error- 654.1158808592705
19:37:32 [main] INFO  com.misha.mrz1.network.LinearRecirculationNetwork - iteration- 96 error- 646.7178725251821
19:37:33 [main] INFO  com.misha.mrz1.network.LinearRecirculationNetwork - iteration- 97 error- 639.463839818396
19:37:33 [main] INFO  com.misha.mrz1.network.LinearRecirculationNetwork - iteration- 98 error- 632.3494701913654
19:37:33 [main] INFO  com.misha.mrz1.network.LinearRecirculationNetwork - iteration- 99 error- 625.370590596809
19:37:34 [main] INFO  com.misha.mrz1.network.LinearRecirculationNetwork - iteration- 100 error- 618.523164510897
19:37:34 [main] INFO  com.misha.mrz1.network.LinearRecirculationNetwork - iteration- 101 error- 611.8032889180702
19:37:35 [main] INFO  com.misha.mrz1.network.LinearRecirculationNetwork - iteration- 102 error- 605.2071912609395
19:37:35 [main] INFO  com.misha.mrz1.network.LinearRecirculationNetwork - iteration- 103 error- 598.7312263597547
19:37:36 [main] INFO  com.misha.mrz1.network.LinearRecirculationNetwork - iteration- 104 error- 592.3718733063871
19:37:36 [main] INFO  com.misha.mrz1.network.LinearRecirculationNetwork - iteration- 105 error- 586.1257323383478
19:37:36 [main] INFO  com.misha.mrz1.network.LinearRecirculationNetwork - iteration- 106 error- 579.9895216985512
19:37:37 [main] INFO  com.misha.mrz1.network.LinearRecirculationNetwork - iteration- 107 error- 573.960074486867
19:37:37 [main] INFO  com.misha.mrz1.network.LinearRecirculationNetwork - iteration- 108 error- 568.0343355093389
19:37:38 [main] INFO  com.misha.mrz1.network.LinearRecirculationNetwork - iteration- 109 error- 562.2093581311397
19:37:38 [main] INFO  com.misha.mrz1.network.LinearRecirculationNetwork - iteration- 110 error- 556.4823011390295
19:37:39 [main] INFO  com.misha.mrz1.network.LinearRecirculationNetwork - iteration- 111 error- 550.8504256190299
19:37:39 [main] INFO  com.misha.mrz1.network.LinearRecirculationNetwork - iteration- 112 error- 545.3110918547196
19:37:39 [main] INFO  com.misha.mrz1.network.LinearRecirculationNetwork - iteration- 113 error- 539.8617562513559
19:37:40 [main] INFO  com.misha.mrz1.network.LinearRecirculationNetwork - iteration- 114 error- 534.4999682906403
19:37:40 [main] INFO  com.misha.mrz1.network.LinearRecirculationNetwork - iteration- 115 error- 529.2233675207139
19:37:41 [main] INFO  com.misha.mrz1.network.LinearRecirculationNetwork - iteration- 116 error- 524.029680585585
19:37:41 [main] INFO  com.misha.mrz1.network.LinearRecirculationNetwork - iteration- 117 error- 518.9167182978521
19:37:42 [main] INFO  com.misha.mrz1.network.LinearRecirculationNetwork - iteration- 118 error- 513.8823727582376
19:37:42 [main] INFO  com.misha.mrz1.network.LinearRecirculationNetwork - iteration- 119 error- 508.9246145251291
19:37:42 [main] INFO  com.misha.mrz1.network.LinearRecirculationNetwork - iteration- 120 error- 504.0414898369641
19:37:43 [main] INFO  com.misha.mrz1.network.LinearRecirculationNetwork - iteration- 121 error- 499.2311178899488
19:37:43 [main] INFO  com.misha.mrz1.network.LinearRecirculationNetwork - n = 4
19:37:43 [main] INFO  com.misha.mrz1.network.LinearRecirculationNetwork - m = 4
19:37:43 [main] INFO  com.misha.mrz1.network.LinearRecirculationNetwork - p = 24
19:37:43 [main] INFO  com.misha.mrz1.network.LinearRecirculationNetwork - Z = 1.9767942246978625
19:37:43 [main] INFO  com.misha.mrz1.network.LinearRecirculationNetwork - L = 4096
